xrun: 23.09-s001: (c) Copyright 1995-2023 Cadence Design Systems, Inc.
TOOL:	xrun	23.09-s001: Started on May 18, 2025 at 15:10:44 EDT
xrun
	-Q
	-unbuffered
	-timescale 1ns/1ns
	-sysv
	-access +rw
	design.sv
	testbench.sv
	Top level design units:
		mux_8x1_tb
Loading snapshot worklib.mux_8x1_tb:sv .................... Done
xcelium> source /xcelium23.09/tools/xcelium/files/xmsimrc
xcelium> run
I=00100100, S=101, Y=1
I=10000001, S=110, Y=0
I=00001001, S=110, Y=0
I=01100011, S=110, Y=1
I=00001101, S=011, Y=1
I=10001101, S=001, Y=0
I=01100101, S=100, Y=0
I=00010010, S=010, Y=0
xmsim: *W,RNQUIE: Simulation is complete.
xcelium> exit
TOOL:	xrun	23.09-s001: Exiting on May 18, 2025 at 15:10:46 EDT  (total: 00:00:02)
