xrun: 23.09-s001: (c) Copyright 1995-2023 Cadence Design Systems, Inc.
TOOL:	xrun	23.09-s001: Started on Aug 24, 2025 at 14:10:24 EDT
xrun
	-Q
	-unbuffered
	-timescale 1ns/1ns
	-sysv
	-access +rw
	design.sv
	testbench.sv
	Top level design units:
		testbench
Loading snapshot worklib.testbench:sv .................... Done
xcelium> source /xcelium23.09/tools/xcelium/files/xmsimrc
xcelium> run
a=x, b=x, sum=x, carry=x
a=0, b=0, sum=0, carry=0
a=0, b=1, sum=1, carry=0
a=1, b=0, sum=1, carry=0
a=1, b=1, sum=0, carry=1
a=0, b=0, sum=0, carry=0
a=1, b=1, sum=0, carry=1
xmsim: *W,RNQUIE: Simulation is complete.
xcelium> exit
TOOL:	xrun	23.09-s001: Exiting on Aug 24, 2025 at 14:10:25 EDT  (total: 00:00:01)
