xrun: 23.09-s001: (c) Copyright 1995-2023 Cadence Design Systems, Inc.
TOOL:	xrun	23.09-s001: Started on Aug 24, 2025 at 14:07:23 EDT
xrun
	-Q
	-unbuffered
	-timescale 1ns/1ns
	-sysv
	-access +rw
	design.sv
	testbench.sv
	Top level design units:
		conversor_tb
Loading snapshot worklib.conversor_tb:sv .................... Done
xcelium> source /xcelium23.09/tools/xcelium/files/xmsimrc
xcelium> run
bcd_5311=0000, bcd_8421=0000
bcd_5311=0001, bcd_8421=0001
bcd_5311=0011, bcd_8421=0010
bcd_5311=0100, bcd_8421=0011
bcd_5311=0101, bcd_8421=0100
bcd_5311=0111, bcd_8421=0101
bcd_5311=1001, bcd_8421=0110
bcd_5311=1011, bcd_8421=0111
bcd_5311=1100, bcd_8421=1000
bcd_5311=1101, bcd_8421=1001
Simulation stopped via $stop(1) at time 100 NS + 0
./testbench.sv:33     $stop;
xcelium> TOOL:	xrun	23.09-s001: Exiting on Aug 24, 2025 at 14:07:24 EDT  (total: 00:00:01)
