xrun: 23.09-s001: (c) Copyright 1995-2023 Cadence Design Systems, Inc.
TOOL:	xrun	23.09-s001: Started on May 18, 2025 at 15:04:56 EDT
xrun
	-Q
	-unbuffered
	-timescale 1ns/1ns
	-sysv
	-access +rw
	design.sv
	testbench.sv
	Top level design units:
		tb_muxNx1
Loading snapshot worklib.tb_muxNx1:sv .................... Done
xcelium> source /xcelium23.09/tools/xcelium/files/xmsimrc
xcelium> run
sel = 00 -> out = 0 (esperado: 0)
sel = 01 -> out = 1 (esperado: 1)
sel = 10 -> out = 0 (esperado: 0)
sel = 11 -> out = 1 (esperado: 1)
Simulation complete via $finish(1) at time 40 NS + 0
./testbench.sv:38         $finish;
xcelium> exit
TOOL:	xrun	23.09-s001: Exiting on May 18, 2025 at 15:04:57 EDT  (total: 00:00:01)
