xrun: 23.09-s001: (c) Copyright 1995-2023 Cadence Design Systems, Inc.
TOOL:	xrun	23.09-s001: Started on May 18, 2025 at 15:09:45 EDT
xrun
	-Q
	-unbuffered
	-timescale 1ns/1ns
	-sysv
	-access +rw
	design.sv
	testbench.sv
	Top level design units:
		tb_mux4x1
Loading snapshot worklib.tb_mux4x1:sv .................... Done
xcelium> source /xcelium23.09/tools/xcelium/files/xmsimrc
xcelium> run
sel=00, out=000 (esperado 000)
sel=01, out=001 (esperado 001)
sel=10, out=010 (esperado 010)
sel=11, out=011 (esperado 011)
Simulation complete via $finish(1) at time 40 NS + 0
./testbench.sv:45         $finish;
xcelium> exit
TOOL:	xrun	23.09-s001: Exiting on May 18, 2025 at 15:09:47 EDT  (total: 00:00:02)
